# JRE version: Java(TM) SE Runtime Environment (17.0.7+8) (build 17.0.7+8-LTS-224)
# Java VM: Java HotSpot(TM) 64-Bit Server VM (17.0.7+8-LTS-224, mixed mode, sharing, tiered, compressed oops, compressed class ptrs, g1 gc, windows-amd64)
GC Precious Log:
 CPUs: 8 total, 8 available
 Memory: 8043M
 Large Page Support: Disabled
 NUMA Support: Disabled
 Compressed Oops: Enabled (32-bit)
 Heap Region Size: 1M
 Heap Min Capacity: 8M
 Heap Initial Capacity: 126M
 Heap Max Capacity: 2012M
 Pre-touch: Disabled
 Parallel Workers: 8
 Concurrent Workers: 2
 Concurrent Refinement Workers: 8
 Periodic GC: Disabled
Heap:
 garbage-first heap   total 135168K, used 45056K [0x0000000082400000, 0x0000000100000000)
  region size 1024K, 4 young (4096K), 4 survivors (4096K)
 Metaspace       used 25313K, committed 25664K, reserved 1073152K
  class space    used 2835K, committed 3008K, reserved 1048576K
GC Heap History (15 events):
Event: 1.197 GC heap before
{Heap before GC invocations=0 (full 0):
 garbage-first heap   total 129024K, used 22528K [0x0000000082400000, 0x0000000100000000)
  region size 1024K, 23 young (23552K), 0 survivors (0K)
 Metaspace       used 5670K, committed 5824K, reserved 1056768K
  class space    used 651K, committed 704K, reserved 1048576K
}
Event: 1.208 GC heap after
{Heap after GC invocations=1 (full 0):
 garbage-first heap   total 129024K, used 3850K [0x0000000082400000, 0x0000000100000000)
  region size 1024K, 3 young (3072K), 3 survivors (3072K)
 Metaspace       used 5670K, committed 5824K, reserved 1056768K
  class space    used 651K, committed 704K, reserved 1048576K
}
Event: 1.971 GC heap before
{Heap before GC invocations=1 (full 0):
 garbage-first heap   total 129024K, used 34570K [0x0000000082400000, 0x0000000100000000)
  region size 1024K, 33 young (33792K), 3 survivors (3072K)
 Metaspace       used 10280K, committed 10432K, reserved 1064960K
  class space    used 1250K, committed 1344K, reserved 1048576K
}
Event: 1.978 GC heap after
{Heap after GC invocations=2 (full 0):
 garbage-first heap   total 129024K, used 6013K [0x0000000082400000, 0x0000000100000000)
  region size 1024K, 3 young (3072K), 3 survivors (3072K)
 Metaspace       used 10280K, committed 10432K, reserved 1064960K
  class space    used 1250K, committed 1344K, reserved 1048576K
}
Event: 4.302 GC heap before
{Heap before GC invocations=2 (full 0):
 garbage-first heap   total 129024K, used 79741K [0x0000000082400000, 0x0000000100000000)
  region size 1024K, 75 young (76800K), 3 survivors (3072K)
 Metaspace       used 13559K, committed 13696K, reserved 1064960K
  class space    used 1528K, committed 1600K, reserved 1048576K
}
Event: 4.319 GC heap after
{Heap after GC invocations=3 (full 0):
 garbage-first heap   total 129024K, used 13278K [0x0000000082400000, 0x0000000100000000)
  region size 1024K, 10 young (10240K), 10 survivors (10240K)
 Metaspace       used 13559K, committed 13696K, reserved 1064960K
  class space    used 1528K, committed 1600K, reserved 1048576K
}
Event: 5.167 GC heap before
{Heap before GC invocations=3 (full 0):
 garbage-first heap   total 129024K, used 90078K [0x0000000082400000, 0x0000000100000000)
  region size 1024K, 34 young (34816K), 10 survivors (10240K)
 Metaspace       used 14794K, committed 15040K, reserved 1064960K
  class space    used 1641K, committed 1792K, reserved 1048576K
}
Event: 5.182 GC heap after
{Heap after GC invocations=4 (full 0):
 garbage-first heap   total 129024K, used 35042K [0x0000000082400000, 0x0000000100000000)
  region size 1024K, 2 young (2048K), 2 survivors (2048K)
 Metaspace       used 14794K, committed 15040K, reserved 1064960K
  class space    used 1641K, committed 1792K, reserved 1048576K
}
Event: 6.786 GC heap before
{Heap before GC invocations=4 (full 0):
 garbage-first heap   total 129024K, used 79074K [0x0000000082400000, 0x0000000100000000)
  region size 1024K, 30 young (30720K), 2 survivors (2048K)
 Metaspace       used 21247K, committed 21504K, reserved 1073152K
  class space    used 2406K, committed 2560K, reserved 1048576K
}
Event: 6.793 GC heap after
{Heap after GC invocations=5 (full 0):
 garbage-first heap   total 129024K, used 23427K [0x0000000082400000, 0x0000000100000000)
  region size 1024K, 7 young (7168K), 7 survivors (7168K)
 Metaspace       used 21247K, committed 21504K, reserved 1073152K
  class space    used 2406K, committed 2560K, reserved 1048576K
}
Event: 8.120 GC heap before
{Heap before GC invocations=6 (full 0):
 garbage-first heap   total 86016K, used 68483K [0x0000000082400000, 0x0000000100000000)
  region size 1024K, 50 young (51200K), 7 survivors (7168K)
 Metaspace       used 24037K, committed 24320K, reserved 1073152K
  class space    used 2694K, committed 2816K, reserved 1048576K
}
Event: 8.154 GC heap after
{Heap after GC invocations=7 (full 0):
 garbage-first heap   total 92160K, used 37610K [0x0000000082400000, 0x0000000100000000)
  region size 1024K, 7 young (7168K), 7 survivors (7168K)
 Metaspace       used 24037K, committed 24320K, reserved 1073152K
  class space    used 2694K, committed 2816K, reserved 1048576K
}
Event: 8.162 GC heap before
{Heap before GC invocations=7 (full 0):
 garbage-first heap   total 92160K, used 38634K [0x0000000082400000, 0x0000000100000000)
  region size 1024K, 8 young (8192K), 7 survivors (7168K)
 Metaspace       used 24047K, committed 24320K, reserved 1073152K
  class space    used 2694K, committed 2816K, reserved 1048576K
}
Event: 8.174 GC heap after
{Heap after GC invocations=8 (full 0):
 garbage-first heap   total 92160K, used 38400K [0x0000000082400000, 0x0000000100000000)
  region size 1024K, 1 young (1024K), 1 survivors (1024K)
 Metaspace       used 24047K, committed 24320K, reserved 1073152K
  class space    used 2694K, committed 2816K, reserved 1048576K
}
Event: 8.587 GC heap before
{Heap before GC invocations=8 (full 0):
 garbage-first heap   total 92160K, used 70144K [0x0000000082400000, 0x0000000100000000)
  region size 1024K, 29 young (29696K), 1 survivors (1024K)
 Metaspace       used 25313K, committed 25664K, reserved 1073152K
  class space    used 2835K, committed 3008K, reserved 1048576K
}

